This file contains any messages produced by compilers while
running configure, to aid debugging if configure makes a mistake.

It was created by clicky configure 0.1, which was
generated by GNU Autoconf 2.64.  Invocation command line was

  $ ./configure 

## --------- ##
## Platform. ##
## --------- ##

hostname = x
uname -m = i686
uname -r = 2.6.31-17-generic
uname -s = Linux
uname -v = #54-Ubuntu SMP Thu Dec 10 16:20:31 UTC 2009

/usr/bin/uname -p = unknown
/bin/uname -X     = unknown

/bin/arch              = unknown
/usr/bin/arch -k       = unknown
/usr/convex/getsysinfo = unknown
/usr/bin/hostinfo      = unknown
/bin/machine           = unknown
/usr/bin/oslevel       = unknown
/bin/universe          = unknown

PATH: /usr/local/sbin
PATH: /usr/local/bin
PATH: /usr/sbin
PATH: /usr/bin
PATH: /sbin
PATH: /bin
PATH: /usr/games
PATH: /home/olan/ns/bin
PATH: /home/olan/ns/tcl8.4.18/unix
PATH: /home/olan/ns/tk8.4.18/unix
PATH: /home/olan/ns/bin
PATH: /home/olan/ns/tcl8.4.18/unix
PATH: /home/olan/ns/tk8.4.18/unix
PATH: /home/olan/ns/ns-2.34/
PATH: /home/olan/ns/nam-1.14/


## ----------- ##
## Core tests. ##
## ----------- ##

configure:1987: checking for a BSD-compatible install
configure:2055: result: /usr/bin/install -c
configure:2066: checking whether build environment is sane
configure:2116: result: yes
configure:2257: checking for a thread-safe mkdir -p
configure:2296: result: /bin/mkdir -p
configure:2309: checking for gawk
configure:2325: found /usr/bin/gawk
configure:2336: result: gawk
configure:2347: checking whether make sets $(MAKE)
configure:2369: result: yes
configure:2452: checking whether to enable maintainer-specific portions of Makefiles
configure:2461: result: no
configure:2488: checking for style of include used by make
configure:2516: result: GNU
configure:2586: checking for gcc
configure:2602: found /usr/bin/gcc
configure:2613: result: gcc
configure:2842: checking for C compiler version
configure:2851: gcc --version >&5
gcc (Ubuntu 4.4.1-4ubuntu8) 4.4.1
Copyright (C) 2009 Free Software Foundation, Inc.
This is free software; see the source for copying conditions.  There is NO
warranty; not even for MERCHANTABILITY or FITNESS FOR A PARTICULAR PURPOSE.

configure:2862: $? = 0
configure:2851: gcc -v >&5
Using built-in specs.
Target: i486-linux-gnu
Configured with: ../src/configure -v --with-pkgversion='Ubuntu 4.4.1-4ubuntu8' --with-bugurl=file:///usr/share/doc/gcc-4.4/README.Bugs --enable-languages=c,c++,fortran,objc,obj-c++ --prefix=/usr --enable-shared --enable-multiarch --enable-linker-build-id --with-system-zlib --libexecdir=/usr/lib --without-included-gettext --enable-threads=posix --with-gxx-include-dir=/usr/include/c++/4.4 --program-suffix=-4.4 --enable-nls --enable-clocale=gnu --enable-libstdcxx-debug --enable-objc-gc --enable-targets=all --disable-werror --with-arch-32=i486 --with-tune=generic --enable-checking=release --build=i486-linux-gnu --host=i486-linux-gnu --target=i486-linux-gnu
Thread model: posix
gcc version 4.4.1 (Ubuntu 4.4.1-4ubuntu8) 
configure:2862: $? = 0
configure:2851: gcc -V >&5
gcc: '-V' option must have argument
configure:2862: $? = 1
configure:2851: gcc -qversion >&5
gcc: unrecognized option '-qversion'
gcc: no input files
configure:2862: $? = 1
configure:2884: checking for C compiler default output file name
configure:2906: gcc    conftest.c  >&5
configure:2910: $? = 0
configure:2947: result: a.out
configure:2963: checking whether the C compiler works
configure:2972: ./a.out
configure:2976: $? = 0
configure:2991: result: yes
configure:2998: checking whether we are cross compiling
configure:3000: result: no
configure:3003: checking for suffix of executables
configure:3010: gcc -o conftest    conftest.c  >&5
configure:3014: $? = 0
configure:3036: result: 
configure:3042: checking for suffix of object files
configure:3064: gcc -c   conftest.c >&5
configure:3068: $? = 0
configure:3089: result: o
configure:3093: checking whether we are using the GNU C compiler
configure:3112: gcc -c   conftest.c >&5
configure:3112: $? = 0
configure:3121: result: yes
configure:3130: checking whether gcc accepts -g
configure:3150: gcc -c -g  conftest.c >&5
configure:3150: $? = 0
configure:3191: result: yes
configure:3208: checking for gcc option to accept ISO C89
configure:3272: gcc  -c -g -O2  conftest.c >&5
configure:3272: $? = 0
configure:3285: result: none needed
configure:3307: checking dependency style of gcc
configure:3417: result: gcc3
configure:3433: checking for library containing strerror
configure:3464: gcc -o conftest -g -O2   conftest.c  >&5
configure:3464: $? = 0
configure:3481: result: none required
configure:3489: checking whether make sets $(MAKE)
configure:3511: result: yes
configure:3568: checking for gcc
configure:3595: result: gcc
configure:3824: checking for C compiler version
configure:3833: gcc --version >&5
gcc (Ubuntu 4.4.1-4ubuntu8) 4.4.1
Copyright (C) 2009 Free Software Foundation, Inc.
This is free software; see the source for copying conditions.  There is NO
warranty; not even for MERCHANTABILITY or FITNESS FOR A PARTICULAR PURPOSE.

configure:3844: $? = 0
configure:3833: gcc -v >&5
Using built-in specs.
Target: i486-linux-gnu
Configured with: ../src/configure -v --with-pkgversion='Ubuntu 4.4.1-4ubuntu8' --with-bugurl=file:///usr/share/doc/gcc-4.4/README.Bugs --enable-languages=c,c++,fortran,objc,obj-c++ --prefix=/usr --enable-shared --enable-multiarch --enable-linker-build-id --with-system-zlib --libexecdir=/usr/lib --without-included-gettext --enable-threads=posix --with-gxx-include-dir=/usr/include/c++/4.4 --program-suffix=-4.4 --enable-nls --enable-clocale=gnu --enable-libstdcxx-debug --enable-objc-gc --enable-targets=all --disable-werror --with-arch-32=i486 --with-tune=generic --enable-checking=release --build=i486-linux-gnu --host=i486-linux-gnu --target=i486-linux-gnu
Thread model: posix
gcc version 4.4.1 (Ubuntu 4.4.1-4ubuntu8) 
configure:3844: $? = 0
configure:3833: gcc -V >&5
gcc: '-V' option must have argument
configure:3844: $? = 1
configure:3833: gcc -qversion >&5
gcc: unrecognized option '-qversion'
gcc: no input files
configure:3844: $? = 1
configure:3848: checking whether we are using the GNU C compiler
configure:3876: result: yes
configure:3885: checking whether gcc accepts -g
configure:3946: result: yes
configure:3963: checking for gcc option to accept ISO C89
configure:4040: result: none needed
configure:4062: checking dependency style of gcc
configure:4172: result: gcc3
configure:4235: checking for gcc
configure:4262: result: gcc
configure:4491: checking for C compiler version
configure:4500: gcc --version >&5
gcc (Ubuntu 4.4.1-4ubuntu8) 4.4.1
Copyright (C) 2009 Free Software Foundation, Inc.
This is free software; see the source for copying conditions.  There is NO
warranty; not even for MERCHANTABILITY or FITNESS FOR A PARTICULAR PURPOSE.

configure:4511: $? = 0
configure:4500: gcc -v >&5
Using built-in specs.
Target: i486-linux-gnu
Configured with: ../src/configure -v --with-pkgversion='Ubuntu 4.4.1-4ubuntu8' --with-bugurl=file:///usr/share/doc/gcc-4.4/README.Bugs --enable-languages=c,c++,fortran,objc,obj-c++ --prefix=/usr --enable-shared --enable-multiarch --enable-linker-build-id --with-system-zlib --libexecdir=/usr/lib --without-included-gettext --enable-threads=posix --with-gxx-include-dir=/usr/include/c++/4.4 --program-suffix=-4.4 --enable-nls --enable-clocale=gnu --enable-libstdcxx-debug --enable-objc-gc --enable-targets=all --disable-werror --with-arch-32=i486 --with-tune=generic --enable-checking=release --build=i486-linux-gnu --host=i486-linux-gnu --target=i486-linux-gnu
Thread model: posix
gcc version 4.4.1 (Ubuntu 4.4.1-4ubuntu8) 
configure:4511: $? = 0
configure:4500: gcc -V >&5
gcc: '-V' option must have argument
configure:4511: $? = 1
configure:4500: gcc -qversion >&5
gcc: unrecognized option '-qversion'
gcc: no input files
configure:4511: $? = 1
configure:4515: checking whether we are using the GNU C compiler
configure:4543: result: yes
configure:4552: checking whether gcc accepts -g
configure:4613: result: yes
configure:4630: checking for gcc option to accept ISO C89
configure:4707: result: none needed
configure:4729: checking dependency style of gcc
configure:4839: result: gcc3
configure:4862: checking how to run the C preprocessor
configure:4893: gcc -E  conftest.c
configure:4893: $? = 0
configure:4907: gcc -E  conftest.c
conftest.c:11:28: error: ac_nonexistent.h: No such file or directory
configure:4907: $? = 1
configure: failed program was:
| /* confdefs.h */
| #define PACKAGE_NAME "clicky"
| #define PACKAGE_TARNAME "clicky"
| #define PACKAGE_VERSION "0.1"
| #define PACKAGE_STRING "clicky 0.1"
| #define PACKAGE_BUGREPORT ""
| #define PACKAGE_URL ""
| #define PACKAGE "clicky"
| #define VERSION "0.1"
| /* end confdefs.h.  */
| #include <ac_nonexistent.h>
configure:4932: result: gcc -E
configure:4952: gcc -E  conftest.c
configure:4952: $? = 0
configure:4966: gcc -E  conftest.c
conftest.c:11:28: error: ac_nonexistent.h: No such file or directory
configure:4966: $? = 1
configure: failed program was:
| /* confdefs.h */
| #define PACKAGE_NAME "clicky"
| #define PACKAGE_TARNAME "clicky"
| #define PACKAGE_VERSION "0.1"
| #define PACKAGE_STRING "clicky 0.1"
| #define PACKAGE_BUGREPORT ""
| #define PACKAGE_URL ""
| #define PACKAGE "clicky"
| #define VERSION "0.1"
| /* end confdefs.h.  */
| #include <ac_nonexistent.h>
configure:5052: checking for g++
configure:5068: found /usr/bin/g++
configure:5079: result: g++
configure:5106: checking for C++ compiler version
configure:5115: g++ --version >&5
g++ (Ubuntu 4.4.1-4ubuntu8) 4.4.1
Copyright (C) 2009 Free Software Foundation, Inc.
This is free software; see the source for copying conditions.  There is NO
warranty; not even for MERCHANTABILITY or FITNESS FOR A PARTICULAR PURPOSE.

configure:5126: $? = 0
configure:5115: g++ -v >&5
Using built-in specs.
Target: i486-linux-gnu
Configured with: ../src/configure -v --with-pkgversion='Ubuntu 4.4.1-4ubuntu8' --with-bugurl=file:///usr/share/doc/gcc-4.4/README.Bugs --enable-languages=c,c++,fortran,objc,obj-c++ --prefix=/usr --enable-shared --enable-multiarch --enable-linker-build-id --with-system-zlib --libexecdir=/usr/lib --without-included-gettext --enable-threads=posix --with-gxx-include-dir=/usr/include/c++/4.4 --program-suffix=-4.4 --enable-nls --enable-clocale=gnu --enable-libstdcxx-debug --enable-objc-gc --enable-targets=all --disable-werror --with-arch-32=i486 --with-tune=generic --enable-checking=release --build=i486-linux-gnu --host=i486-linux-gnu --target=i486-linux-gnu
Thread model: posix
gcc version 4.4.1 (Ubuntu 4.4.1-4ubuntu8) 
configure:5126: $? = 0
configure:5115: g++ -V >&5
g++: '-V' option must have argument
configure:5126: $? = 1
configure:5115: g++ -qversion >&5
g++: unrecognized option '-qversion'
g++: no input files
configure:5126: $? = 1
configure:5130: checking whether we are using the GNU C++ compiler
configure:5149: g++ -c   conftest.cpp >&5
configure:5149: $? = 0
configure:5158: result: yes
configure:5167: checking whether g++ accepts -g
configure:5187: g++ -c -g  conftest.cpp >&5
configure:5187: $? = 0
configure:5228: result: yes
configure:5253: checking dependency style of g++
configure:5363: result: gcc3
configure:5383: checking how to run the C++ preprocessor
configure:5410: g++ -E  conftest.cpp
configure:5410: $? = 0
configure:5424: g++ -E  conftest.cpp
conftest.cpp:11:28: error: ac_nonexistent.h: No such file or directory
configure:5424: $? = 1
configure: failed program was:
| /* confdefs.h */
| #define PACKAGE_NAME "clicky"
| #define PACKAGE_TARNAME "clicky"
| #define PACKAGE_VERSION "0.1"
| #define PACKAGE_STRING "clicky 0.1"
| #define PACKAGE_BUGREPORT ""
| #define PACKAGE_URL ""
| #define PACKAGE "clicky"
| #define VERSION "0.1"
| /* end confdefs.h.  */
| #include <ac_nonexistent.h>
configure:5449: result: g++ -E
configure:5469: g++ -E  conftest.cpp
configure:5469: $? = 0
configure:5483: g++ -E  conftest.cpp
conftest.cpp:11:28: error: ac_nonexistent.h: No such file or directory
configure:5483: $? = 1
configure: failed program was:
| /* confdefs.h */
| #define PACKAGE_NAME "clicky"
| #define PACKAGE_TARNAME "clicky"
| #define PACKAGE_VERSION "0.1"
| #define PACKAGE_STRING "clicky 0.1"
| #define PACKAGE_BUGREPORT ""
| #define PACKAGE_URL ""
| #define PACKAGE "clicky"
| #define VERSION "0.1"
| /* end confdefs.h.  */
| #include <ac_nonexistent.h>
configure:5564: checking for pkg-config
configure:5582: found /usr/bin/pkg-config
configure:5594: result: /usr/bin/pkg-config
configure:5619: checking pkg-config is at least version 0.9.0
configure:5622: result: yes
configure:5633: checking for PACKAGE
configure:5641: $PKG_CONFIG --exists --print-errors "$pkg_modules"
configure:5644: $? = 0
configure:5659: $PKG_CONFIG --exists --print-errors "$pkg_modules"
configure:5662: $? = 0
configure:5717: result: yes
configure:5898: creating ./config.status

## ---------------------- ##
## Running config.status. ##
## ---------------------- ##

This file was extended by clicky config.status 0.1, which was
generated by GNU Autoconf 2.64.  Invocation command line was

  CONFIG_FILES    = 
  CONFIG_HEADERS  = 
  CONFIG_LINKS    = 
  CONFIG_COMMANDS = 
  $ ./config.status 

on x

config.status:856: creating Makefile
config.status:856: creating src/Makefile
config.status:856: creating config.h
config.status:1076: executing depfiles commands

## ---------------- ##
## Cache variables. ##
## ---------------- ##

ac_cv_c_compiler_gnu=yes
ac_cv_cxx_compiler_gnu=yes
ac_cv_env_CCC_set=
ac_cv_env_CCC_value=
ac_cv_env_CC_set=
ac_cv_env_CC_value=
ac_cv_env_CFLAGS_set=
ac_cv_env_CFLAGS_value=
ac_cv_env_CPPFLAGS_set=
ac_cv_env_CPPFLAGS_value=
ac_cv_env_CPP_set=
ac_cv_env_CPP_value=
ac_cv_env_CXXCPP_set=
ac_cv_env_CXXCPP_value=
ac_cv_env_CXXFLAGS_set=
ac_cv_env_CXXFLAGS_value=
ac_cv_env_CXX_set=
ac_cv_env_CXX_value=
ac_cv_env_LDFLAGS_set=
ac_cv_env_LDFLAGS_value=
ac_cv_env_LIBS_set=
ac_cv_env_LIBS_value=
ac_cv_env_PACKAGE_CFLAGS_set=
ac_cv_env_PACKAGE_CFLAGS_value=
ac_cv_env_PACKAGE_LIBS_set=
ac_cv_env_PACKAGE_LIBS_value=
ac_cv_env_PKG_CONFIG_set=
ac_cv_env_PKG_CONFIG_value=
ac_cv_env_build_alias_set=
ac_cv_env_build_alias_value=
ac_cv_env_host_alias_set=
ac_cv_env_host_alias_value=
ac_cv_env_target_alias_set=
ac_cv_env_target_alias_value=
ac_cv_objext=o
ac_cv_path_ac_pt_PKG_CONFIG=/usr/bin/pkg-config
ac_cv_path_install='/usr/bin/install -c'
ac_cv_path_mkdir=/bin/mkdir
ac_cv_prog_AWK=gawk
ac_cv_prog_CPP='gcc -E'
ac_cv_prog_CXXCPP='g++ -E'
ac_cv_prog_ac_ct_CC=gcc
ac_cv_prog_ac_ct_CXX=g++
ac_cv_prog_cc_c89=
ac_cv_prog_cc_g=yes
ac_cv_prog_cxx_g=yes
ac_cv_prog_make_make_set=yes
ac_cv_search_strerror='none required'
am_cv_CC_dependencies_compiler_type=gcc3
am_cv_CXX_dependencies_compiler_type=gcc3
am_cv_prog_cc_stdc=
pkg_cv_PACKAGE_CFLAGS='-D_REENTRANT -I/usr/include/gtk-2.0 -I/usr/lib/gtk-2.0/include -I/usr/include/atk-1.0 -I/usr/include/cairo -I/usr/include/pango-1.0 -I/usr/include/pixman-1 -I/usr/include/freetype2 -I/usr/include/directfb -I/usr/include/libpng12 -I/usr/include/glib-2.0 -I/usr/lib/glib-2.0/include  '
pkg_cv_PACKAGE_LIBS='-lgtk-x11-2.0 -lgdk-x11-2.0 -latk-1.0 -lpangoft2-1.0 -lgdk_pixbuf-2.0 -lm -lpangocairo-1.0 -lgio-2.0 -lcairo -lpango-1.0 -lfreetype -lfontconfig -lgobject-2.0 -lgmodule-2.0 -lglib-2.0  '

## ----------------- ##
## Output variables. ##
## ----------------- ##

ACLOCAL='${SHELL} /home/olan/click/missing --run aclocal-1.11'
AMDEPBACKSLASH='\'
AMDEP_FALSE='#'
AMDEP_TRUE=''
AMTAR='${SHELL} /home/olan/click/missing --run tar'
AUTOCONF='${SHELL} /home/olan/click/missing --run autoconf'
AUTOHEADER='${SHELL} /home/olan/click/missing --run autoheader'
AUTOMAKE='${SHELL} /home/olan/click/missing --run automake-1.11'
AWK='gawk'
CC='gcc -W -Wall'
CCDEPMODE='depmode=gcc3'
CFLAGS='-g -O2'
CLICKTOOL_LIBS='`$(clickbindir)/click-buildtool --toollibs`'
CPP='gcc -E'
CPPFLAGS=''
CXX='g++ -W -Wall'
CXXCPP='g++ -E'
CXXDEPMODE='depmode=gcc3'
CXXFLAGS='-g -O2'
CYGPATH_W='echo'
DEFS='-DHAVE_CONFIG_H'
DEPDIR='.deps'
ECHO_C=''
ECHO_N='-n'
ECHO_T=''
EXEEXT=''
INSTALL_DATA='${INSTALL} -m 644'
INSTALL_PROGRAM='${INSTALL}'
INSTALL_SCRIPT='${INSTALL}'
INSTALL_STRIP_PROGRAM='$(install_sh) -c -s'
LDFLAGS=''
LIBOBJS=''
LIBS=''
LTLIBOBJS=''
MAINT='#'
MAINTAINER_MODE_FALSE=''
MAINTAINER_MODE_TRUE='#'
MAKEINFO='${SHELL} /home/olan/click/missing --run makeinfo'
MKDIR_P='/bin/mkdir -p'
OBJEXT='o'
PACKAGE='clicky'
PACKAGE_BUGREPORT=''
PACKAGE_CFLAGS='-D_REENTRANT -I/usr/include/gtk-2.0 -I/usr/lib/gtk-2.0/include -I/usr/include/atk-1.0 -I/usr/include/cairo -I/usr/include/pango-1.0 -I/usr/include/pixman-1 -I/usr/include/freetype2 -I/usr/include/directfb -I/usr/include/libpng12 -I/usr/include/glib-2.0 -I/usr/lib/glib-2.0/include  '
PACKAGE_LIBS='-lgtk-x11-2.0 -lgdk-x11-2.0 -latk-1.0 -lpangoft2-1.0 -lgdk_pixbuf-2.0 -lm -lpangocairo-1.0 -lgio-2.0 -lcairo -lpango-1.0 -lfreetype -lfontconfig -lgobject-2.0 -lgmodule-2.0 -lglib-2.0  '
PACKAGE_NAME='clicky'
PACKAGE_STRING='clicky 0.1'
PACKAGE_TARNAME='clicky'
PACKAGE_URL=''
PACKAGE_VERSION='0.1'
PATH_SEPARATOR=':'
PKG_CONFIG='/usr/bin/pkg-config'
SET_MAKE=''
SHELL='/bin/bash'
STRIP=''
VERSION='0.1'
ac_configure_args=''
ac_ct_CC='gcc'
ac_ct_CXX='g++'
am__EXEEXT_FALSE=''
am__EXEEXT_TRUE='#'
am__fastdepCC_FALSE='#'
am__fastdepCC_TRUE=''
am__fastdepCXX_FALSE='#'
am__fastdepCXX_TRUE=''
am__include='include'
am__isrc=''
am__leading_dot='.'
am__quote=''
am__tar='${AMTAR} chof - "$$tardir"'
am__untar='${AMTAR} xf -'
bindir='${exec_prefix}/bin'
build_alias=''
clickbindir='/usr/local/bin'
clickdatadir='/usr/local/share/click'
clickprefix='/usr/local'
clicksbindir='/usr/local/sbin'
datadir='${datarootdir}'
datarootdir='${prefix}/share'
docdir='${datarootdir}/doc/${PACKAGE_TARNAME}'
dvidir='${docdir}'
exec_prefix='${prefix}'
host_alias=''
htmldir='${docdir}'
includedir='${prefix}/include'
infodir='${datarootdir}/info'
install_sh='${SHELL} /home/olan/click/install-sh'
libdir='${exec_prefix}/lib'
libexecdir='${exec_prefix}/libexec'
localedir='${datarootdir}/locale'
localstatedir='${prefix}/var'
mandir='${datarootdir}/man'
mkdir_p='/bin/mkdir -p'
oldincludedir='/usr/include'
pdfdir='${docdir}'
prefix='/usr/local'
program_transform_name='s,x,x,'
psdir='${docdir}'
sbindir='${exec_prefix}/sbin'
sharedstatedir='${prefix}/com'
sysconfdir='${prefix}/etc'
target_alias=''

## ----------- ##
## confdefs.h. ##
## ----------- ##

/* confdefs.h */
#define PACKAGE_NAME "clicky"
#define PACKAGE_TARNAME "clicky"
#define PACKAGE_VERSION "0.1"
#define PACKAGE_STRING "clicky 0.1"
#define PACKAGE_BUGREPORT ""
#define PACKAGE_URL ""
#define PACKAGE "clicky"
#define VERSION "0.1"

configure: exit 0
